[INFO] Scanning for projects...
[INFO] ------------------------------------------------------------------------
[INFO] Building RebelHotel
[INFO]    task-segment: [test]
[INFO] ------------------------------------------------------------------------
[INFO] [aspectj:compile {execution: default}]
[WARNING] advice defined in org.springframework.mock.staticmock.AnnotationDrivenStaticEntityMockingControl has not been applied [Xlint:adviceDidNotMatch]
[WARNING] advice defined in org.springframework.mock.staticmock.AbstractMethodMockingControl has not been applied [Xlint:adviceDidNotMatch]
[INFO] [resources:resources {execution: default-resources}]
[INFO] Using 'UTF-8' encoding to copy filtered resources.
[INFO] Copying 5 resources
[INFO] [compiler:compile {execution: default-compile}]
[INFO] Nothing to compile - all classes are up to date
[INFO] [aspectj:test-compile {execution: default}]
[WARNING] advice defined in org.springframework.orm.jpa.aspectj.JpaExceptionTranslatorAspect has not been applied [Xlint:adviceDidNotMatch]
[WARNING] advice defined in org.springframework.mock.staticmock.AnnotationDrivenStaticEntityMockingControl has not been applied [Xlint:adviceDidNotMatch]
[WARNING] advice defined in org.springframework.mock.staticmock.AbstractMethodMockingControl has not been applied [Xlint:adviceDidNotMatch]
[WARNING] advice defined in org.springframework.mock.staticmock.AbstractMethodMockingControl has not been applied [Xlint:adviceDidNotMatch]
[WARNING] advice defined in org.springframework.scheduling.aspectj.AbstractAsyncExecutionAspect has not been applied [Xlint:adviceDidNotMatch]
[INFO] [resources:testResources {execution: default-testResources}]
[INFO] Using 'UTF-8' encoding to copy filtered resources.
[INFO] Copying 0 resource
[INFO] [compiler:testCompile {execution: default-testCompile}]
[INFO] Nothing to compile - all classes are up to date
[INFO] [surefire:test {execution: default-test}]
<<<<<<< HEAD
[INFO] Surefire report directory: F:\Documents and Settings\Alan_Workstation\workspace\RebelHotel\target\surefire-reports
=======
[INFO] Surefire report directory: c:\Documents and Settings\suzie\RebelHotel\RebelHotel\RebelHotel\target\surefire-reports
>>>>>>> d260d0b9aac57113daaa3d0a3a0d60f3b0db779c

-------------------------------------------------------
 T E S T S
-------------------------------------------------------
Running edu.unlv.cs.rebelhotel.domain.WorkEffortIntegrationTest
<<<<<<< HEAD
Tests run: 9, Failures: 0, Errors: 7, Skipped: 0, Time elapsed: 5.578 sec <<< FAILURE!
Running edu.unlv.cs.rebelhotel.domain.WorkTemplateIntegrationTest
Tests run: 9, Failures: 0, Errors: 0, Skipped: 0, Time elapsed: 0.156 sec
Running edu.unlv.cs.rebelhotel.domain.TermIntegrationTest
Tests run: 9, Failures: 0, Errors: 0, Skipped: 0, Time elapsed: 0.156 sec
Running edu.unlv.cs.rebelhotel.domain.MajorIntegrationTest
Tests run: 9, Failures: 0, Errors: 0, Skipped: 0, Time elapsed: 0.172 sec
Running edu.unlv.cs.rebelhotel.domain.StudentIntegrationTest
Tests run: 9, Failures: 0, Errors: 0, Skipped: 0, Time elapsed: 0.485 sec
Running edu.unlv.cs.rebelhotel.domain.WorkRequirementIntegrationTest
Tests run: 9, Failures: 0, Errors: 0, Skipped: 0, Time elapsed: 0.156 sec
Running edu.unlv.cs.rebelhotel.domain.UserAccountIntegrationTest
Tests run: 9, Failures: 0, Errors: 0, Skipped: 0, Time elapsed: 0.187 sec

Results :

Tests in error: 
  testFlush(edu.unlv.cs.rebelhotel.domain.WorkEffortIntegrationTest)
  testMerge(edu.unlv.cs.rebelhotel.domain.WorkEffortIntegrationTest)
  testPersist(edu.unlv.cs.rebelhotel.domain.WorkEffortIntegrationTest)
  testCountWorkEfforts(edu.unlv.cs.rebelhotel.domain.WorkEffortIntegrationTest)
  testFindWorkEffort(edu.unlv.cs.rebelhotel.domain.WorkEffortIntegrationTest)
  testFindAllWorkEfforts(edu.unlv.cs.rebelhotel.domain.WorkEffortIntegrationTest)
  testFindWorkEffortEntries(edu.unlv.cs.rebelhotel.domain.WorkEffortIntegrationTest)

Tests run: 63, Failures: 0, Errors: 7, Skipped: 0

[INFO] ------------------------------------------------------------------------
[ERROR] BUILD FAILURE
[INFO] ------------------------------------------------------------------------
[INFO] There are test failures.
=======
Tests run: 9, Failures: 0, Errors: 0, Skipped: 0, Time elapsed: 14.062 sec
Running edu.unlv.cs.rebelhotel.domain.WorkTemplateIntegrationTest
Tests run: 9, Failures: 0, Errors: 0, Skipped: 0, Time elapsed: 0.203 sec
Running edu.unlv.cs.rebelhotel.domain.TermIntegrationTest
Tests run: 9, Failures: 0, Errors: 0, Skipped: 0, Time elapsed: 0.25 sec
Running edu.unlv.cs.rebelhotel.domain.MajorIntegrationTest
Tests run: 9, Failures: 0, Errors: 0, Skipped: 0, Time elapsed: 0.25 sec
Running edu.unlv.cs.rebelhotel.domain.StudentIntegrationTest
Tests run: 9, Failures: 0, Errors: 0, Skipped: 0, Time elapsed: 0.578 sec
Running edu.unlv.cs.rebelhotel.domain.WorkRequirementIntegrationTest
Tests run: 9, Failures: 0, Errors: 0, Skipped: 0, Time elapsed: 0.234 sec
Running edu.unlv.cs.rebelhotel.domain.UserAccountIntegrationTest
Tests run: 9, Failures: 0, Errors: 0, Skipped: 0, Time elapsed: 0.235 sec

Results :

Tests run: 63, Failures: 0, Errors: 0, Skipped: 0
>>>>>>> d260d0b9aac57113daaa3d0a3a0d60f3b0db779c

Please refer to F:\Documents and Settings\Alan_Workstation\workspace\RebelHotel\target\surefire-reports for the individual test results.
[INFO] ------------------------------------------------------------------------
[INFO] For more information, run Maven with the -e switch
[INFO] ------------------------------------------------------------------------
<<<<<<< HEAD
[INFO] Total time: 16 seconds
[INFO] Finished at: Wed Mar 16 22:54:18 PDT 2011
[INFO] Final Memory: 32M/247M
=======
[INFO] Total time: 45 seconds
[INFO] Finished at: Wed Mar 30 19:23:09 PDT 2011
[INFO] Final Memory: 35M/247M
>>>>>>> d260d0b9aac57113daaa3d0a3a0d60f3b0db779c
[INFO] ------------------------------------------------------------------------
